[2024-05-04T16:42:09.582Z] INFO: ::1 - - [04/May/2024:16:42:09 +0000] "POST /user/sign-in HTTP/1.1" 400 49 "-" "PostmanRuntime/7.37.3"
[2024-05-04T16:42:40.865Z] INFO: ::1 - - [04/May/2024:16:42:40 +0000] "POST /analyzer HTTP/1.1" 200 105 "http://localhost:5173/" "Mozilla/5.0 (iPad; CPU OS 16_6 like Mac OS X) AppleWebKit/605.1.15 (KHTML, like Gecko) Version/16.6 Mobile/15E148 Safari/604.1"
[2024-05-04T16:44:59.166Z] INFO: ::1 - - [04/May/2024:16:44:59 +0000] "POST /user/sign-in HTTP/1.1" 200 523 "http://localhost:5173/" "Mozilla/5.0 (iPad; CPU OS 16_6 like Mac OS X) AppleWebKit/605.1.15 (KHTML, like Gecko) Version/16.6 Mobile/15E148 Safari/604.1"
[2024-05-04T16:45:33.081Z] INFO: ::1 - - [04/May/2024:16:45:33 +0000] "POST /analyzer HTTP/1.1" 200 107 "http://localhost:5173/" "Mozilla/5.0 (iPad; CPU OS 16_6 like Mac OS X) AppleWebKit/605.1.15 (KHTML, like Gecko) Version/16.6 Mobile/15E148 Safari/604.1"
[2024-05-04T16:45:35.018Z] INFO: ::1 - - [04/May/2024:16:45:35 +0000] "POST /analyzer HTTP/1.1" 200 107 "http://localhost:5173/" "Mozilla/5.0 (iPad; CPU OS 16_6 like Mac OS X) AppleWebKit/605.1.15 (KHTML, like Gecko) Version/16.6 Mobile/15E148 Safari/604.1"
[2024-05-04T16:45:35.599Z] INFO: ::1 - - [04/May/2024:16:45:35 +0000] "POST /analyzer HTTP/1.1" 200 107 "http://localhost:5173/" "Mozilla/5.0 (iPad; CPU OS 16_6 like Mac OS X) AppleWebKit/605.1.15 (KHTML, like Gecko) Version/16.6 Mobile/15E148 Safari/604.1"
[2024-05-04T16:45:35.928Z] INFO: ::1 - - [04/May/2024:16:45:35 +0000] "POST /analyzer HTTP/1.1" 200 107 "http://localhost:5173/" "Mozilla/5.0 (iPad; CPU OS 16_6 like Mac OS X) AppleWebKit/605.1.15 (KHTML, like Gecko) Version/16.6 Mobile/15E148 Safari/604.1"
[2024-05-04T16:45:36.119Z] INFO: ::1 - - [04/May/2024:16:45:36 +0000] "POST /analyzer HTTP/1.1" 200 107 "http://localhost:5173/" "Mozilla/5.0 (iPad; CPU OS 16_6 like Mac OS X) AppleWebKit/605.1.15 (KHTML, like Gecko) Version/16.6 Mobile/15E148 Safari/604.1"
[2024-05-04T16:45:36.308Z] INFO: ::1 - - [04/May/2024:16:45:36 +0000] "POST /analyzer HTTP/1.1" 200 107 "http://localhost:5173/" "Mozilla/5.0 (iPad; CPU OS 16_6 like Mac OS X) AppleWebKit/605.1.15 (KHTML, like Gecko) Version/16.6 Mobile/15E148 Safari/604.1"
[2024-05-04T16:45:36.502Z] INFO: ::1 - - [04/May/2024:16:45:36 +0000] "POST /analyzer HTTP/1.1" 200 107 "http://localhost:5173/" "Mozilla/5.0 (iPad; CPU OS 16_6 like Mac OS X) AppleWebKit/605.1.15 (KHTML, like Gecko) Version/16.6 Mobile/15E148 Safari/604.1"
[2024-05-04T16:45:37.806Z] INFO: ::1 - - [04/May/2024:16:45:37 +0000] "POST /analyzer HTTP/1.1" 200 107 "http://localhost:5173/" "Mozilla/5.0 (iPad; CPU OS 16_6 like Mac OS X) AppleWebKit/605.1.15 (KHTML, like Gecko) Version/16.6 Mobile/15E148 Safari/604.1"
[2024-05-04T16:45:38.013Z] INFO: ::1 - - [04/May/2024:16:45:38 +0000] "POST /analyzer HTTP/1.1" 200 107 "http://localhost:5173/" "Mozilla/5.0 (iPad; CPU OS 16_6 like Mac OS X) AppleWebKit/605.1.15 (KHTML, like Gecko) Version/16.6 Mobile/15E148 Safari/604.1"
[2024-05-04T16:45:39.307Z] INFO: ::1 - - [04/May/2024:16:45:39 +0000] "POST /analyzer HTTP/1.1" 200 107 "http://localhost:5173/" "Mozilla/5.0 (iPad; CPU OS 16_6 like Mac OS X) AppleWebKit/605.1.15 (KHTML, like Gecko) Version/16.6 Mobile/15E148 Safari/604.1"
[2024-05-04T16:45:39.506Z] INFO: ::1 - - [04/May/2024:16:45:39 +0000] "POST /analyzer HTTP/1.1" 200 107 "http://localhost:5173/" "Mozilla/5.0 (iPad; CPU OS 16_6 like Mac OS X) AppleWebKit/605.1.15 (KHTML, like Gecko) Version/16.6 Mobile/15E148 Safari/604.1"
[2024-05-04T16:45:39.702Z] INFO: ::1 - - [04/May/2024:16:45:39 +0000] "POST /analyzer HTTP/1.1" 200 107 "http://localhost:5173/" "Mozilla/5.0 (iPad; CPU OS 16_6 like Mac OS X) AppleWebKit/605.1.15 (KHTML, like Gecko) Version/16.6 Mobile/15E148 Safari/604.1"
[2024-05-04T16:45:39.893Z] INFO: ::1 - - [04/May/2024:16:45:39 +0000] "POST /analyzer HTTP/1.1" 200 107 "http://localhost:5173/" "Mozilla/5.0 (iPad; CPU OS 16_6 like Mac OS X) AppleWebKit/605.1.15 (KHTML, like Gecko) Version/16.6 Mobile/15E148 Safari/604.1"
[2024-05-04T16:45:40.061Z] INFO: ::1 - - [04/May/2024:16:45:40 +0000] "POST /analyzer HTTP/1.1" 200 107 "http://localhost:5173/" "Mozilla/5.0 (iPad; CPU OS 16_6 like Mac OS X) AppleWebKit/605.1.15 (KHTML, like Gecko) Version/16.6 Mobile/15E148 Safari/604.1"
[2024-05-04T16:56:30.893Z] INFO: ::1 - - [04/May/2024:16:56:30 +0000] "POST /user/sign-in HTTP/1.1" 200 523 "http://localhost:5173/" "Mozilla/5.0 (X11; Linux x86_64) AppleWebKit/537.36 (KHTML, like Gecko) Chrome/124.0.0.0 Safari/537.36"
[2024-05-04T17:11:51.159Z] INFO: ::1 - - [04/May/2024:17:11:51 +0000] "POST /analyzer HTTP/1.1" 404 57 "-" "PostmanRuntime/7.37.3"
[2024-05-04T17:12:35.107Z] INFO: ::1 - - [04/May/2024:17:12:35 +0000] "POST /user/sign-in HTTP/1.1" 400 49 "-" "PostmanRuntime/7.37.3"
[2024-05-04T17:12:40.406Z] INFO: ::1 - - [04/May/2024:17:12:40 +0000] "POST /user/sign-up HTTP/1.1" 200 279 "-" "PostmanRuntime/7.37.3"
[2024-05-04T17:12:43.990Z] INFO: ::1 - - [04/May/2024:17:12:43 +0000] "POST /user/sign-in HTTP/1.1" 200 517 "-" "PostmanRuntime/7.37.3"
[2024-05-04T17:12:53.925Z] INFO: ::1 - - [04/May/2024:17:12:53 +0000] "POST /analyzer HTTP/1.1" 404 43 "-" "PostmanRuntime/7.37.3"
[2024-05-04T17:13:06.626Z] INFO: ::1 - - [04/May/2024:17:13:06 +0000] "POST /analyzer HTTP/1.1" 200 104 "-" "PostmanRuntime/7.37.3"
[2024-05-04T17:16:36.940Z] INFO: ::1 - - [04/May/2024:17:16:36 +0000] "POST /user/sign-in HTTP/1.1" 200 523 "http://localhost:5173/" "Mozilla/5.0 (iPad; CPU OS 16_6 like Mac OS X) AppleWebKit/605.1.15 (KHTML, like Gecko) Version/16.6 Mobile/15E148 Safari/604.1"
[2024-05-04T17:16:40.093Z] INFO: ::1 - - [04/May/2024:17:16:40 +0000] "POST /analyzer HTTP/1.1" 404 43 "http://localhost:5173/" "Mozilla/5.0 (iPad; CPU OS 16_6 like Mac OS X) AppleWebKit/605.1.15 (KHTML, like Gecko) Version/16.6 Mobile/15E148 Safari/604.1"
[2024-05-04T17:16:41.202Z] INFO: ::1 - - [04/May/2024:17:16:41 +0000] "POST /analyzer HTTP/1.1" 404 43 "http://localhost:5173/" "Mozilla/5.0 (iPad; CPU OS 16_6 like Mac OS X) AppleWebKit/605.1.15 (KHTML, like Gecko) Version/16.6 Mobile/15E148 Safari/604.1"
[2024-05-04T17:17:48.613Z] INFO: ::1 - - [04/May/2024:17:17:48 +0000] "POST /user/sign-in HTTP/1.1" 200 523 "http://localhost:5173/" "Mozilla/5.0 (X11; Linux x86_64) AppleWebKit/537.36 (KHTML, like Gecko) Chrome/124.0.0.0 Safari/537.36"
[2024-05-04T17:17:53.641Z] INFO: ::1 - - [04/May/2024:17:17:53 +0000] "POST /analyzer HTTP/1.1" 404 43 "http://localhost:5173/" "Mozilla/5.0 (X11; Linux x86_64) AppleWebKit/537.36 (KHTML, like Gecko) Chrome/124.0.0.0 Safari/537.36"
[2024-05-04T17:18:59.747Z] INFO: ::1 - - [04/May/2024:17:18:59 +0000] "POST /user/sign-in HTTP/1.1" 200 523 "http://localhost:5173/" "Mozilla/5.0 (iPad; CPU OS 16_6 like Mac OS X) AppleWebKit/605.1.15 (KHTML, like Gecko) Version/16.6 Mobile/15E148 Safari/604.1"
[2024-05-04T17:19:06.881Z] INFO: ::1 - - [04/May/2024:17:19:06 +0000] "POST /analyzer HTTP/1.1" 404 43 "http://localhost:5173/" "Mozilla/5.0 (iPad; CPU OS 16_6 like Mac OS X) AppleWebKit/605.1.15 (KHTML, like Gecko) Version/16.6 Mobile/15E148 Safari/604.1"
[2024-05-04T17:21:33.413Z] INFO: ::1 - - [04/May/2024:17:21:33 +0000] "POST /user/sign-in HTTP/1.1" 200 517 "-" "PostmanRuntime/7.37.3"
[2024-05-04T17:22:10.204Z] INFO: ::1 - - [04/May/2024:17:22:10 +0000] "POST /analyzer HTTP/1.1" 200 104 "-" "PostmanRuntime/7.37.3"
[2024-05-04T17:24:42.617Z] INFO: ::1 - - [04/May/2024:17:24:42 +0000] "POST /user/sign-in HTTP/1.1" 200 274 "-" "PostmanRuntime/7.37.3"
[2024-05-04T17:25:18.574Z] INFO: ::1 - - [04/May/2024:17:25:18 +0000] "POST /analyzer HTTP/1.1" 404 43 "http://localhost:5173/" "Mozilla/5.0 (iPad; CPU OS 16_6 like Mac OS X) AppleWebKit/605.1.15 (KHTML, like Gecko) Version/16.6 Mobile/15E148 Safari/604.1"
[2024-05-04T17:25:25.200Z] INFO: ::1 - - [04/May/2024:17:25:25 +0000] "POST /analyzer HTTP/1.1" 404 43 "http://localhost:5173/" "Mozilla/5.0 (iPad; CPU OS 16_6 like Mac OS X) AppleWebKit/605.1.15 (KHTML, like Gecko) Version/16.6 Mobile/15E148 Safari/604.1"
